Arguments: 
  /home/hiepnn/.nvm/versions/node/v8.9.4/bin/node /home/hiepnn/.nvm/versions/node/v8.9.4/bin/yarn init

PATH: 
  /home/hiepnn/bin:/home/hiepnn/bin:/home/hiepnn/.local/bin:/home/hiepnn/bin:/home/hiepnn/.nvm/versions/node/v8.9.4/bin:/home/hiepnn/bin:/home/hiepnn/.local/bin:/usr/local/sbin:/usr/local/bin:/usr/sbin:/usr/bin:/sbin:/bin:/usr/games:/usr/local/games:/snap/bin:/snap/bin

Yarn version: 
  1.3.2

Node version: 
  8.9.4

Platform: 
  linux x64

npm manifest: 
  {
    "name": "etl",
    "version": "1.0.0",
    "main": "etl.ts",
    "license": "MIT",
    "devDependencies": {
      "@types/jest": "^18.1.1",
      "@types/node": "^9.3.0",
      "jest-cli": "^22.1.1",
      "ts-jest": "^19.0.14",
      "typescript": "^2.6.2"
    },
    "scripts": {
      "test": "tsc --noEmit -p . && jest --no-cache",
      "lint": "tslint -c tslint.json 'src/**/*.{ts,tsx}'"
    },
    "jest": {
      "testRegex": "(/__tests__/.*|\\.(test|spec))\\.(ts|tsx|js)$",
      "moduleFileExtensions": [
        "ts",
        "tsx",
        "js"
      ],
      "transform": {
        ".*": "<rootDir>/node_modules/ts-jest/preprocessor.js"
      }
    }
  }

yarn manifest: 
  No manifest

Lockfile: 
  No lockfile

Trace: 
  Error: canceled
      at Interface.<anonymous> (/home/hiepnn/.nvm/versions/node/v8.9.4/lib/node_modules/yarn/lib/cli.js:121045:13)
      at emitNone (events.js:106:13)
      at Interface.emit (events.js:208:7)
      at Interface._ttyWrite (readline.js:775:16)
      at ReadStream.onkeypress (readline.js:160:10)
      at emitTwo (events.js:126:13)
      at ReadStream.emit (events.js:214:7)
      at emitKeys (internal/readline.js:420:14)
      at emitKeys.next (<anonymous>)
      at ReadStream.onData (readline.js:1011:36)
